<?xml version='1.0' encoding='UTF-8'?>
<testsuite hostname="scpc" name="com.akka.actor.AkkaDbSpec" tests="1" errors="0" failures="0" skipped="0" time="0.068" timestamp="2020-10-20T22:21:55">
                     <properties>
[...]
</properties>
                     <testcase classname="com.akka.actor.AkkaDbSpec" name="when akkaDb is given  a request shoud save to key/value to the map val" time="0.068">
                                                 
                                               </testcase>
                     <system-out><![CDATA[]]></system-out>
                     <system-err><![CDATA[]]></system-err>
                   </testsuite>